
> frontend@0.1.0 build C:\Users\LENOVO\Videos\proyecto-si783-2026-i-u1-generador-de-diagramas-de-base\apps\frontend
> next build

▲ Next.js 16.2.4 (Turbopack)

  Creating an optimized production build ...
✓ Compiled successfully in 3.8s
  Running TypeScript ...
  Finished TypeScript in 5.3s ...
  Collecting page data using 11 workers ...
  Generating static pages using 11 workers (0/8) ...
  Generating static pages using 11 workers (2/8) 
  Generating static pages using 11 workers (4/8) 
  Generating static pages using 11 workers (6/8) 
✓ Generating static pages using 11 workers (8/8) in 695ms
  Finalizing page optimization ...

Route (app)
┌ ○ /
├ ○ /_not-found
├ ƒ /dashboard
├ ƒ /editor/[projectId]
├ ○ /login
├ ƒ /profile
├ ƒ /public/[id]
└ ○ /register


ƒ Proxy (Middleware)

○  (Static)   prerendered as static content
ƒ  (Dynamic)  server-rendered on demand

